<?xml version="1.0" encoding="UTF-8"?>
<testng-results ignored="0" total="1" passed="1" failed="0" skipped="0">
  <reporter-output>
  </reporter-output>
  <suite started-at="2022-11-29T05:15:57 GMT+02:00" name="Default suite" finished-at="2022-11-29T05:16:07 GMT+02:00" duration-ms="10855">
    <groups>
    </groups>
    <test started-at="2022-11-29T05:15:57 GMT+02:00" name="Default test" finished-at="2022-11-29T05:16:07 GMT+02:00" duration-ms="10855">
      <class name="OpenSooqSite">
        <test-method is-config="true" signature="login()[pri:0, instance:OpenSooqSite@a514af7]" started-at="2022-11-29T05:15:57 GMT+02:00" name="login" finished-at="2022-11-29T05:16:02 GMT+02:00" duration-ms="4999" status="PASS">
          <reporter-output>
          </reporter-output>
        </test-method> <!-- login -->
        <test-method signature="searchCarTypeOpenSooqSite()[pri:0, instance:OpenSooqSite@a514af7]" started-at="2022-11-29T05:16:02 GMT+02:00" name="searchCarTypeOpenSooqSite" finished-at="2022-11-29T05:16:04 GMT+02:00" duration-ms="2637" status="PASS">
          <reporter-output>
          </reporter-output>
        </test-method> <!-- searchCarTypeOpenSooqSite -->
        <test-method is-config="true" signature="quitApplication()[pri:0, instance:OpenSooqSite@a514af7]" started-at="2022-11-29T05:16:04 GMT+02:00" name="quitApplication" finished-at="2022-11-29T05:16:07 GMT+02:00" duration-ms="3190" status="PASS">
          <reporter-output>
          </reporter-output>
        </test-method> <!-- quitApplication -->
      </class> <!-- OpenSooqSite -->
    </test> <!-- Default test -->
  </suite> <!-- Default suite -->
</testng-results>
